[ +238 ms] Unable to locate an Android SDK.
[  +35 ms] executing: uname -m
[  +43 ms] Exit code 0 from: uname -m
[   +5 ms] x86_64
[  +82 ms] Artifact Instance of 'MaterialFonts' is not required, skipping update.
[   +1 ms] Artifact Instance of 'GradleWrapper' is not required, skipping update.
[        ] Artifact Instance of 'AndroidGenSnapshotArtifacts' is not required, skipping update.
[   +2 ms] Artifact Instance of 'AndroidInternalBuildArtifacts' is not required, skipping update.
[        ] Artifact Instance of 'IOSEngineArtifacts' is not required, skipping update.
[        ] Artifact Instance of 'FlutterWebSdk' is not required, skipping update.
[   +4 ms] Artifact Instance of 'LegacyCanvasKitRemover' is not required, skipping update.
[        ] Artifact Instance of 'FlutterSdk' is not required, skipping update.
[        ] Artifact Instance of 'WindowsEngineArtifacts' is not required, skipping update.
[        ] Artifact Instance of 'MacOSEngineArtifacts' is not required, skipping update.
[        ] Artifact Instance of 'LinuxEngineArtifacts' is not required, skipping update.
[        ] Artifact Instance of 'LinuxFuchsiaSDKArtifacts' is not required, skipping update.
[        ] Artifact Instance of 'MacOSFuchsiaSDKArtifacts' is not required, skipping update.
[        ] Artifact Instance of 'FlutterRunnerSDKArtifacts' is not required, skipping update.
[        ] Artifact Instance of 'FlutterRunnerDebugSymbols' is not required, skipping update.
[        ] Artifact Instance of 'IosUsbArtifacts' is not required, skipping update.
[   +2 ms] Artifact Instance of 'IosUsbArtifacts' is not required, skipping update.
[   +1 ms] Artifact Instance of 'IosUsbArtifacts' is not required, skipping update.
[        ] Artifact Instance of 'IosUsbArtifacts' is not required, skipping update.
[        ] Artifact Instance of 'IosUsbArtifacts' is not required, skipping update.
[        ] Artifact Instance of 'IosUsbArtifacts' is not required, skipping update.
[        ] Artifact Instance of 'FontSubsetArtifacts' is not required, skipping update.
[        ] Artifact Instance of 'PubDependencies' is not required, skipping update.
[  +14 ms] executing: [/home/my-pc/snap/flutter/common/flutter/] git -c log.showSignature=false log HEAD -n 1 --pretty=format:%ad --date=iso
[  +47 ms] Exit code 0 from: git -c log.showSignature=false log HEAD -n 1 --pretty=format:%ad --date=iso
[   +1 ms] 2025-12-11 11:50:07 -0500
[ +156 ms] Artifact Instance of 'AndroidGenSnapshotArtifacts' is not required, skipping update.
[   +6 ms] Artifact Instance of 'AndroidInternalBuildArtifacts' is not required, skipping update.
[        ] Artifact Instance of 'IOSEngineArtifacts' is not required, skipping update.
[        ] Artifact Instance of 'FlutterWebSdk' is not required, skipping update.
[        ] Artifact Instance of 'FlutterEngineStamp' is not required, skipping update.
[        ] Artifact Instance of 'LegacyCanvasKitRemover' is not required, skipping update.
[  +29 ms] Artifact Instance of 'WindowsEngineArtifacts' is not required, skipping update.
[        ] Artifact Instance of 'MacOSEngineArtifacts' is not required, skipping update.
[        ] Artifact Instance of 'LinuxEngineArtifacts' is not required, skipping update.
[        ] Artifact Instance of 'LinuxFuchsiaSDKArtifacts' is not required, skipping update.
[        ] Artifact Instance of 'MacOSFuchsiaSDKArtifacts' is not required, skipping update.
[        ] Artifact Instance of 'FlutterRunnerSDKArtifacts' is not required, skipping update.
[        ] Artifact Instance of 'FlutterRunnerDebugSymbols' is not required, skipping update.
[ +365 ms] Artifact Instance of 'MaterialFonts' is not required, skipping update.
[   +4 ms] Artifact Instance of 'GradleWrapper' is not required, skipping update.
[        ] Artifact Instance of 'AndroidGenSnapshotArtifacts' is not required, skipping update.
[        ] Artifact Instance of 'AndroidInternalBuildArtifacts' is not required, skipping update.
[        ] Artifact Instance of 'IOSEngineArtifacts' is not required, skipping update.
[        ] Artifact Instance of 'FlutterWebSdk' is not required, skipping update.
[        ] Artifact Instance of 'FlutterEngineStamp' is not required, skipping update.
[        ] Artifact Instance of 'LegacyCanvasKitRemover' is not required, skipping update.
[   +3 ms] Artifact Instance of 'FlutterSdk' is not required, skipping update.
[        ] Artifact Instance of 'WindowsEngineArtifacts' is not required, skipping update.
[        ] Artifact Instance of 'MacOSEngineArtifacts' is not required, skipping update.
[  +13 ms] Artifact Instance of 'LinuxFuchsiaSDKArtifacts' is not required, skipping update.
[        ] Artifact Instance of 'MacOSFuchsiaSDKArtifacts' is not required, skipping update.
[        ] Artifact Instance of 'FlutterRunnerSDKArtifacts' is not required, skipping update.
[        ] Artifact Instance of 'FlutterRunnerDebugSymbols' is not required, skipping update.
[        ] Artifact Instance of 'IosUsbArtifacts' is not required, skipping update.
[        ] Artifact Instance of 'IosUsbArtifacts' is not required, skipping update.
[        ] Artifact Instance of 'IosUsbArtifacts' is not required, skipping update.
[   +1 ms] Artifact Instance of 'IosUsbArtifacts' is not required, skipping update.
[        ] Artifact Instance of 'IosUsbArtifacts' is not required, skipping update.
[        ] Artifact Instance of 'IosUsbArtifacts' is not required, skipping update.
[        ] Artifact Instance of 'FontSubsetArtifacts' is not required, skipping update.
[        ] Artifact Instance of 'PubDependencies' is not required, skipping update.
[ +138 ms] Skipping pub get: version match.
[+1741 ms] Found plugin shared_preferences at /home/my-pc/.pub-cache/hosted/pub.dev/shared_preferences-2.5.4/
[  +79 ms] Found plugin shared_preferences_windows at /home/my-pc/.pub-cache/hosted/pub.dev/shared_preferences_windows-2.4.1/
[  +96 ms] Found plugin path_provider_windows at /home/my-pc/.pub-cache/hosted/pub.dev/path_provider_windows-2.3.0/
[  +75 ms] Found plugin shared_preferences_web at /home/my-pc/.pub-cache/hosted/pub.dev/shared_preferences_web-2.4.3/
[  +40 ms] Found plugin shared_preferences_linux at /home/my-pc/.pub-cache/hosted/pub.dev/shared_preferences_linux-2.4.1/
[  +51 ms] Found plugin path_provider_linux at /home/my-pc/.pub-cache/hosted/pub.dev/path_provider_linux-2.2.1/
[  +31 ms] Found plugin shared_preferences_foundation at /home/my-pc/.pub-cache/hosted/pub.dev/shared_preferences_foundation-2.5.6/
[  +29 ms] Found plugin shared_preferences_android at /home/my-pc/.pub-cache/hosted/pub.dev/shared_preferences_android-2.4.18/
[  +44 ms] Found plugin path_provider at /home/my-pc/.pub-cache/hosted/pub.dev/path_provider-2.1.5/
[  +24 ms] Found plugin path_provider_foundation at /home/my-pc/.pub-cache/hosted/pub.dev/path_provider_foundation-2.5.1/
[  +33 ms] Found plugin path_provider_android at /home/my-pc/.pub-cache/hosted/pub.dev/path_provider_android-2.2.22/
[  +56 ms] Found plugin isar_flutter_libs at /home/my-pc/.pub-cache/hosted/pub.dev/isar_flutter_libs-3.1.0+1/
[ +158 ms] Found plugin flutter_secure_storage at /home/my-pc/.pub-cache/hosted/pub.dev/flutter_secure_storage-9.2.4/
[  +26 ms] Found plugin flutter_secure_storage_windows at /home/my-pc/.pub-cache/hosted/pub.dev/flutter_secure_storage_windows-3.1.2/
[  +42 ms] Found plugin flutter_secure_storage_web at /home/my-pc/.pub-cache/hosted/pub.dev/flutter_secure_storage_web-1.2.1/
[   +7 ms] Found plugin flutter_secure_storage_macos at /home/my-pc/.pub-cache/hosted/pub.dev/flutter_secure_storage_macos-3.1.3/
[  +14 ms] Found plugin flutter_secure_storage_linux at /home/my-pc/.pub-cache/hosted/pub.dev/flutter_secure_storage_linux-1.2.3/
[  +53 ms] Found plugin connectivity_plus at /home/my-pc/.pub-cache/hosted/pub.dev/connectivity_plus-5.0.2/
[ +659 ms] Found plugin shared_preferences at /home/my-pc/.pub-cache/hosted/pub.dev/shared_preferences-2.5.4/
[   +6 ms] Found plugin shared_preferences_windows at /home/my-pc/.pub-cache/hosted/pub.dev/shared_preferences_windows-2.4.1/
[  +24 ms] Found plugin path_provider_windows at /home/my-pc/.pub-cache/hosted/pub.dev/path_provider_windows-2.3.0/
[  +19 ms] Found plugin shared_preferences_web at /home/my-pc/.pub-cache/hosted/pub.dev/shared_preferences_web-2.4.3/
[  +13 ms] Found plugin shared_preferences_linux at /home/my-pc/.pub-cache/hosted/pub.dev/shared_preferences_linux-2.4.1/
[   +6 ms] Found plugin path_provider_linux at /home/my-pc/.pub-cache/hosted/pub.dev/path_provider_linux-2.2.1/
[   +5 ms] Found plugin shared_preferences_foundation at /home/my-pc/.pub-cache/hosted/pub.dev/shared_preferences_foundation-2.5.6/
[   +3 ms] Found plugin shared_preferences_android at /home/my-pc/.pub-cache/hosted/pub.dev/shared_preferences_android-2.4.18/
[   +3 ms] Found plugin path_provider at /home/my-pc/.pub-cache/hosted/pub.dev/path_provider-2.1.5/
[   +6 ms] Found plugin path_provider_foundation at /home/my-pc/.pub-cache/hosted/pub.dev/path_provider_foundation-2.5.1/
[   +8 ms] Found plugin path_provider_android at /home/my-pc/.pub-cache/hosted/pub.dev/path_provider_android-2.2.22/
[   +4 ms] Found plugin isar_flutter_libs at /home/my-pc/.pub-cache/hosted/pub.dev/isar_flutter_libs-3.1.0+1/
[  +17 ms] Found plugin flutter_secure_storage at /home/my-pc/.pub-cache/hosted/pub.dev/flutter_secure_storage-9.2.4/
[   +4 ms] Found plugin flutter_secure_storage_windows at /home/my-pc/.pub-cache/hosted/pub.dev/flutter_secure_storage_windows-3.1.2/
[  +14 ms] Found plugin flutter_secure_storage_web at /home/my-pc/.pub-cache/hosted/pub.dev/flutter_secure_storage_web-1.2.1/
[   +3 ms] Found plugin flutter_secure_storage_macos at /home/my-pc/.pub-cache/hosted/pub.dev/flutter_secure_storage_macos-3.1.3/
[   +3 ms] Found plugin flutter_secure_storage_linux at /home/my-pc/.pub-cache/hosted/pub.dev/flutter_secure_storage_linux-1.2.3/
[   +8 ms] Found plugin connectivity_plus at /home/my-pc/.pub-cache/hosted/pub.dev/connectivity_plus-5.0.2/
[  +47 ms] Skipping generating generated_plugin_registrant.h because it is up-to-date.
[  +20 ms] Skipping generating generated_plugin_registrant.cc because it is up-to-date.
[   +7 ms] Skipping generating generated_plugins.cmake because it is up-to-date.
[  +11 ms] Skipping generating generated_plugin_registrant.h because it is up-to-date.
[   +8 ms] Skipping generating generated_plugin_registrant.cc because it is up-to-date.
[   +8 ms] Skipping generating generated_plugins.cmake because it is up-to-date.
[ +191 ms] Building Linux application...
[  +34 ms] executing: [/home/my-pc/Desktop/Programming/CodeKonix/Projects/MBM/flutter_app/build/linux/x64/release/] cmake -G Ninja -DCMAKE_BUILD_TYPE=Release -DFLUTTER_TARGET_PLATFORM=linux-x64 /home/my-pc/Desktop/Programming/CodeKonix/Projects/MBM/flutter_app/linux
[ +221 ms] -- Configuring done
[ +511 ms] -- Generating done
[  +25 ms] -- Build files have been written to: /home/my-pc/Desktop/Programming/CodeKonix/Projects/MBM/flutter_app/build/linux/x64/release
[ +134 ms] executing: ninja -C /home/my-pc/Desktop/Programming/CodeKonix/Projects/MBM/flutter_app/build/linux/x64/release install
[ +129 ms] ninja: Entering directory `/home/my-pc/Desktop/Programming/CodeKonix/Projects/MBM/flutter_app/build/linux/x64/release'
[+14033 ms] [1/9] Generating /home/my-pc/Desktop/Programming/CodeKonix/Projects/MBM/flutter_app/linux/flutter/ephemeral/libflutter_linux_gtk.so, /home/my-pc/Desktop/Programming/CodeKonix/Projects/MBM/flutter_app/linux/flutter/ephemeral/flutter_linux/fl_basic_message_channel.h, /home/my-pc/Desktop/Programming/CodeKonix/Projects/MBM/flutter_app/linux/flutter/ephemeral/flutter_linux/fl_binary_codec.h, /home/my-pc/Desktop/Programming/CodeKonix/Projects/MBM/flutter_app/linux/flutter/ephemeral/flutter_linux/fl_binary_messenger.h, /home/my-pc/Desktop/Programming/CodeKonix/Projects/MBM/flutter_app/linux/flutter/ephemeral/flutter_linux/fl_dart_project.h, /home/my-pc/Desktop/Programming/CodeKonix/Projects/MBM/flutter_app/linux/flutter/ephemeral/flutter_linux/fl_engine.h, /home/my-pc/Desktop/Programming/CodeKonix/Projects/MBM/flutter_app/linux/flutter/ephemeral/flutter_linux/fl_json_message_codec.h, /home/my-pc/Desktop/Programming/CodeKonix/Projects/MBM/flutter_app/linux/flutter/ephemeral/flutter_linux/fl_json_method_codec.h, /home/my-pc/Desktop/Programming/CodeKonix/Projects/MBM/flutter_app/linux/flutter/ephemeral/flutter_linux/fl_message_codec.h, /home/my-pc/Desktop/Programming/CodeKonix/Projects/MBM/flutter_app/linux/flutter/ephemeral/flutter_linux/fl_method_call.h, /home/my-pc/Desktop/Programming/CodeKonix/Projects/MBM/flutter_app/linux/flutter/ephemeral/flutter_linux/fl_method_channel.h, /home/my-pc/Desktop/Programming/CodeKonix/Projects/MBM/flutter_app/linux/flutter/ephemeral/flutter_linux/fl_method_codec.h, /home/my-pc/Desktop/Programming/CodeKonix/Projects/MBM/flutter_app/linux/flutter/ephemeral/flutter_linux/fl_method_response.h, /home/my-pc/Desktop/Programming/CodeKonix/Projects/MBM/flutter_app/linux/flutter/ephemeral/flutter_linux/fl_plugin_registrar.h, /home/my-pc/Desktop/Programming/CodeKonix/Projects/MBM/flutter_app/linux/flutter/ephemeral/flutter_linux/fl_plugin_registry.h, /home/my-pc/Desktop/Programming/CodeKonix/Projects/MBM/flutter_app/linux/flutter/ephemeral/flutter_linux/fl_standard_message_codec.h, /home/my-pc/Desktop/Programming/CodeKonix/Projects/MBM/flutter_app/linux/flutter/ephemeral/flutter_linux/fl_standard_method_codec.h, /home/my-pc/Desktop/Programming/CodeKonix/Projects/MBM/flutter_app/linux/flutter/ephemeral/flutter_linux/fl_string_codec.h, /home/my-pc/Desktop/Programming/CodeKonix/Projects/MBM/flutter_app/linux/flutter/ephemeral/flutter_linux/fl_value.h, /home/my-pc/Desktop/Programming/CodeKonix/Projects/MBM/flutter_app/linux/flutter/ephemeral/flutter_linux/fl_view.h, /home/my-pc/Desktop/Programming/CodeKonix/Projects/MBM/flutter_app/linux/flutter/ephemeral/flutter_linux/flutter_linux.h, _phony_
[   +3 ms] [ +161 ms] Unable to locate an Android SDK.
[        ] [  +31 ms] executing: uname -m
[   +4 ms] [  +21 ms] Exit code 0 from: uname -m
[   +5 ms] [   +4 ms] x86_64
[   +1 ms] [  +44 ms] Artifact Instance of 'MaterialFonts' is not required, skipping update.
[   +1 ms] [        ] Artifact Instance of 'GradleWrapper' is not required, skipping update.
[        ] [        ] Artifact Instance of 'AndroidGenSnapshotArtifacts' is not required, skipping update.
[        ] [        ] Artifact Instance of 'AndroidInternalBuildArtifacts' is not required, skipping update.
[   +6 ms] [        ] Artifact Instance of 'IOSEngineArtifacts' is not required, skipping update.
[        ] [        ] Artifact Instance of 'FlutterWebSdk' is not required, skipping update.
[        ] [   +1 ms] Artifact Instance of 'LegacyCanvasKitRemover' is not required, skipping update.
[        ] [        ] Artifact Instance of 'FlutterSdk' is not required, skipping update.
[        ] [        ] Artifact Instance of 'WindowsEngineArtifacts' is not required, skipping update.
[   +3 ms] [        ] Artifact Instance of 'MacOSEngineArtifacts' is not required, skipping update.
[   +2 ms] [        ] Artifact Instance of 'LinuxEngineArtifacts' is not required, skipping update.
[        ] [        ] Artifact Instance of 'LinuxFuchsiaSDKArtifacts' is not required, skipping update.
[        ] [        ] Artifact Instance of 'MacOSFuchsiaSDKArtifacts' is not required, skipping update.
[        ] [        ] Artifact Instance of 'FlutterRunnerSDKArtifacts' is not required, skipping update.
[        ] [        ] Artifact Instance of 'FlutterRunnerDebugSymbols' is not required, skipping update.
[        ] [        ] Artifact Instance of 'IosUsbArtifacts' is not required, skipping update.
[        ] [        ] Artifact Instance of 'IosUsbArtifacts' is not required, skipping update.
[        ] [        ] Artifact Instance of 'IosUsbArtifacts' is not required, skipping update.
[        ] [        ] Artifact Instance of 'IosUsbArtifacts' is not required, skipping update.
[        ] [        ] Artifact Instance of 'IosUsbArtifacts' is not required, skipping update.
[   +5 ms] [        ] Artifact Instance of 'IosUsbArtifacts' is not required, skipping update.
[   +3 ms] [        ] Artifact Instance of 'FontSubsetArtifacts' is not required, skipping update.
[        ] [        ] Artifact Instance of 'PubDependencies' is not required, skipping update.
[        ] [  +38 ms] Artifact Instance of 'AndroidGenSnapshotArtifacts' is not required, skipping update.
[        ] [   +1 ms] Artifact Instance of 'AndroidInternalBuildArtifacts' is not required, skipping update.
[        ] [        ] Artifact Instance of 'IOSEngineArtifacts' is not required, skipping update.
[        ] [        ] Artifact Instance of 'FlutterWebSdk' is not required, skipping update.
[        ] [        ] Artifact Instance of 'FlutterEngineStamp' is not required, skipping update.
[        ] [        ] Artifact Instance of 'LegacyCanvasKitRemover' is not required, skipping update.
[   +9 ms] [   +5 ms] Artifact Instance of 'WindowsEngineArtifacts' is not required, skipping update.
[        ] [        ] Artifact Instance of 'MacOSEngineArtifacts' is not required, skipping update.
[        ] [        ] Artifact Instance of 'LinuxEngineArtifacts' is not required, skipping update.
[        ] [        ] Artifact Instance of 'LinuxFuchsiaSDKArtifacts' is not required, skipping update.
[        ] [        ] Artifact Instance of 'MacOSFuchsiaSDKArtifacts' is not required, skipping update.
[        ] [        ] Artifact Instance of 'FlutterRunnerSDKArtifacts' is not required, skipping update.
[        ] [        ] Artifact Instance of 'FlutterRunnerDebugSymbols' is not required, skipping update.
[        ] [ +331 ms] Artifact Instance of 'MaterialFonts' is not required, skipping update.
[        ] [   +1 ms] Artifact Instance of 'GradleWrapper' is not required, skipping update.
[   +9 ms] [        ] Artifact Instance of 'AndroidGenSnapshotArtifacts' is not required, skipping update.
[        ] [        ] Artifact Instance of 'AndroidInternalBuildArtifacts' is not required, skipping update.
[        ] [        ] Artifact Instance of 'IOSEngineArtifacts' is not required, skipping update.
[        ] [        ] Artifact Instance of 'FlutterWebSdk' is not required, skipping update.
[        ] [        ] Artifact Instance of 'FlutterEngineStamp' is not required, skipping update.
[        ] [        ] Artifact Instance of 'LegacyCanvasKitRemover' is not required, skipping update.
[        ] [        ] Artifact Instance of 'FlutterSdk' is not required, skipping update.
[        ] [        ] Artifact Instance of 'WindowsEngineArtifacts' is not required, skipping update.
[        ] [        ] Artifact Instance of 'MacOSEngineArtifacts' is not required, skipping update.
[        ] [  +14 ms] Artifact Instance of 'LinuxFuchsiaSDKArtifacts' is not required, skipping update.
[   +4 ms] [        ] Artifact Instance of 'MacOSFuchsiaSDKArtifacts' is not required, skipping update.
[        ] [        ] Artifact Instance of 'FlutterRunnerSDKArtifacts' is not required, skipping update.
[   +2 ms] [        ] Artifact Instance of 'FlutterRunnerDebugSymbols' is not required, skipping update.
[   +2 ms] [   +4 ms] Artifact Instance of 'IosUsbArtifacts' is not required, skipping update.
[   +5 ms] [        ] Artifact Instance of 'IosUsbArtifacts' is not required, skipping update.
[        ] [        ] Artifact Instance of 'IosUsbArtifacts' is not required, skipping update.
[        ] [        ] Artifact Instance of 'IosUsbArtifacts' is not required, skipping update.
[        ] [        ] Artifact Instance of 'IosUsbArtifacts' is not required, skipping update.
[        ] [   +4 ms] Artifact Instance of 'IosUsbArtifacts' is not required, skipping update.
[        ] [        ] Artifact Instance of 'FontSubsetArtifacts' is not required, skipping update.
[        ] [        ] Artifact Instance of 'PubDependencies' is not required, skipping update.
[        ] [ +508 ms] Initializing file store
[        ] [ +171 ms] Done initializing file store
[        ] [ +812 ms] Skipping target: dart_build
[   +2 ms] [  +22 ms] Skipping target: gen_dart_plugin_registrant
[        ] [   +2 ms] Skipping target: gen_localizations
[   +1 ms] [+2455 ms] Skipping target: unpack_linux
[        ] [   +8 ms] Skipping target: install_code_assets
[   +1 ms] [+4350 ms] Skipping target: kernel_snapshot_program
[        ] [ +238 ms] Skipping target: aot_elf_release
[        ] [ +187 ms] Skipping target: linux_aot_bundle
[        ] [ +227 ms] Skipping target: release_bundle_linux-x64_assets
[        ] [   +2 ms] Persisting file store
[        ] [  +76 ms] Done persisting file store
[   +4 ms] [ +159 ms] build succeeded.
[   +1 ms] [   +6 ms] "flutter assemble" took 9,624ms.
[        ] [ +301 ms] Running 1 shutdown hook
[        ] [  +11 ms] Shutdown hooks complete
[        ] [ +321 ms] exiting with code 0
[ +389 ms] [2/3] Linking CXX executable intermediates_do_not_run/mbm_app
[        ] FAILED: intermediates_do_not_run/mbm_app 
[  +74 ms] : && /snap/flutter/current/usr/bin/clang++  -O3 -DNDEBUG  -B/snap/flutter/current/usr/lib/gcc/x86_64-linux-gnu/9 -B/snap/flutter/current/usr/lib/x86_64-linux-gnu -B/snap/flutter/current/lib/x86_64-linux-gnu -B/snap/flutter/current/usr/lib/ -L/snap/flutter/current/usr/lib/gcc/x86_64-linux-gnu/9 -L/snap/flutter/current/usr/lib/x86_64-linux-gnu -L/snap/flutter/current/lib/x86_64-linux-gnu -L/snap/flutter/current/usr/lib/ -lblkid -lgcrypt -llzma -llz4 -lgpg-error -luuid -lpthread -ldl -lepoxy -lfontconfig -B/snap/flutter/current/usr/lib/gcc/x86_64-linux-gnu/9 -B/snap/flutter/current/usr/lib/x86_64-linux-gnu -B/snap/flutter/current/lib/x86_64-linux-gnu -B/snap/flutter/current/usr/lib/ -L/snap/flutter/current/usr/lib/gcc/x86_64-linux-gnu/9 -L/snap/flutter/current/usr/lib/x86_64-linux-gnu -L/snap/flutter/current/lib/x86_64-linux-gnu -L/snap/flutter/current/usr/lib/ -lblkid -lgcrypt -llzma -llz4 -lgpg-error -luuid -lpthread -ldl -lepoxy -lfontconfig runner/CMakeFiles/mbm_app.dir/main.cc.o runner/CMakeFiles/mbm_app.dir/my_application.cc.o runner/CMakeFiles/mbm_app.dir/__/flutter/generated_plugin_registrant.cc.o  -o intermediates_do_not_run/mbm_app  -Wl,-rpath,/home/my-pc/Desktop/Programming/CodeKonix/Projects/MBM/flutter_app/build/linux/x64/release/plugins/flutter_secure_storage_linux:/home/my-pc/Desktop/Programming/CodeKonix/Projects/MBM/flutter_app/build/linux/x64/release/plugins/isar_flutter_libs:/home/my-pc/Desktop/Programming/CodeKonix/Projects/MBM/flutter_app/linux/flutter/ephemeral:  plugins/flutter_secure_storage_linux/libflutter_secure_storage_linux_plugin.so  plugins/isar_flutter_libs/libisar_flutter_libs_plugin.so  /home/my-pc/Desktop/Programming/CodeKonix/Projects/MBM/flutter_app/linux/flutter/ephemeral/libflutter_linux_gtk.so  /snap/flutter/current/usr/lib/x86_64-linux-gnu/libgtk-3.so  /snap/flutter/current/usr/lib/x86_64-linux-gnu/libgdk-3.so  /snap/flutter/current/usr/lib/x86_64-linux-gnu/libpangocairo-1.0.so  /snap/flutter/current/usr/lib/x86_64-linux-gnu/libpango-1.0.so  /snap/flutter/current/usr/lib/x86_64-linux-gnu/libharfbuzz.so  /snap/flutter/current/usr/lib/x86_64-linux-gnu/libatk-1.0.so  /snap/flutter/current/usr/lib/x86_64-linux-gnu/libcairo-gobject.so  /snap/flutter/current/usr/lib/x86_64-linux-gnu/libcairo.so  /snap/flutter/current/usr/lib/x86_64-linux-gnu/libgdk_pixbuf-2.0.so  /snap/flutter/current/usr/lib/x86_64-linux-gnu/libgio-2.0.so  /snap/flutter/current/usr/lib/x86_64-linux-gnu/libgobject-2.0.so  /snap/flutter/current/usr/lib/x86_64-linux-gnu/libglib-2.0.so && :
[        ] /snap/flutter/current/usr/bin/ld: /lib/x86_64-linux-gnu/libsecret-1.so.0: undefined reference to `g_task_set_static_name'
[        ] /snap/flutter/current/usr/bin/ld: /lib/x86_64-linux-gnu/libsecret-1.so.0: undefined reference to `g_once_init_enter_pointer'
[        ] /snap/flutter/current/usr/bin/ld: /lib/x86_64-linux-gnu/libsecret-1.so.0: undefined reference to `g_once_init_leave_pointer'
[        ] clang: error: linker command failed with exit code 1 (use -v to see invocation)
[   +3 ms] ninja: build stopped: subcommand failed.
[  +14 ms] Building Linux application... (completed in 15.7s)
[   +2 ms] "flutter linux" took 20,062ms.
[ +194 ms] Build process failed
[   +4 ms] 
           #0      throwToolExit (package:flutter_tools/src/base/common.dart:34:3)
           #1      _runBuild (package:flutter_tools/src/linux/build_linux.dart:219:5)
           <asynchronous suspension>
           #2      buildLinux (package:flutter_tools/src/linux/build_linux.dart:100:5)
           <asynchronous suspension>
           #3      BuildLinuxCommand.runCommand (package:flutter_tools/src/commands/build_linux.dart:95:5)
           <asynchronous suspension>
           #4      FlutterCommand.run.<anonymous closure> (package:flutter_tools/src/runner/flutter_command.dart:1559:27)
           <asynchronous suspension>
           #5      AppContext.run.<anonymous closure> (package:flutter_tools/src/base/context.dart:154:19)
           <asynchronous suspension>
           #6      CommandRunner.runCommand (package:args/command_runner.dart:212:13)
           <asynchronous suspension>
           #7      FlutterCommandRunner.runCommand.<anonymous closure> (package:flutter_tools/src/runner/flutter_command_runner.dart:487:9)
           <asynchronous suspension>
           #8      AppContext.run.<anonymous closure> (package:flutter_tools/src/base/context.dart:154:19)
           <asynchronous suspension>
           #9      FlutterCommandRunner.runCommand (package:flutter_tools/src/runner/flutter_command_runner.dart:422:5)
           <asynchronous suspension>
           #10     run.<anonymous closure>.<anonymous closure> (package:flutter_tools/runner.dart:104:11)
           <asynchronous suspension>
           #11     AppContext.run.<anonymous closure> (package:flutter_tools/src/base/context.dart:154:19)
           <asynchronous suspension>
           #12     main (package:flutter_tools/executable.dart:103:3)
           <asynchronous suspension>


[   +7 ms] Running 1 shutdown hook
[  +23 ms] Shutdown hooks complete
[ +357 ms] exiting with code 1
